
> magicmirror@2.7.1 start /home/jaret/MagicMirror
> sh run-start.sh

/home/jaret/MagicMirror/node_modules/electron/dist/electron: error while loading shared libraries: libgtk-3.so.0: cannot open shared object file: No such file or directory
npm ERR! file sh
npm ERR! code ELIFECYCLE
npm ERR! errno ENOENT
npm ERR! syscall spawn
npm ERR! magicmirror@2.7.1 start: `sh run-start.sh`
npm ERR! spawn ENOENT
npm ERR! 
npm ERR! Failed at the magicmirror@2.7.1 start script.
npm ERR! This is probably not a problem with npm. There is likely additional logging output above.

npm ERR! A complete log of this run can be found in:
npm ERR!     /home/jaret/.npm/_logs/2019-05-24T16_15_44_327Z-debug.log

> magicmirror@2.7.1 start /home/jaret/MagicMirror
> sh run-start.sh

/home/jaret/MagicMirror/node_modules/electron/dist/electron: error while loading shared libraries: libgtk-3.so.0: cannot open shared object file: No such file or directory
npm ERR! file sh
npm ERR! code ELIFECYCLE
npm ERR! errno ENOENT
npm ERR! syscall spawn
npm ERR! magicmirror@2.7.1 start: `sh run-start.sh`
npm ERR! spawn ENOENT
npm ERR! 
npm ERR! Failed at the magicmirror@2.7.1 start script.
npm ERR! This is probably not a problem with npm. There is likely additional logging output above.

npm ERR! A complete log of this run can be found in:
npm ERR!     /home/jaret/.npm/_logs/2019-05-24T16_18_23_792Z-debug.log
